<?xml version="1.0" encoding="UTF-8"?>
<!-- Generated by org.testng.reporters.JUnitReportReporter -->
<testsuite skipped="0" hostname="DESKTOP-H37AAN4" name="com.example.tests.CT02ValidarCriticaCamposObrigatorios" tests="1" failures="0" timestamp="23 mar 2019 05:11:44 GMT" time="45.087" errors="0">
  <testcase name="testCT02ValidarCriticaCamposObrigatorios" time="45.087" classname="com.example.tests.CT02ValidarCriticaCamposObrigatorios"/>
</testsuite> <!-- com.example.tests.CT02ValidarCriticaCamposObrigatorios -->
